<?xml version="1.0" encoding="UTF-8"?>
<!-- Generated by org.testng.reporters.JUnitXMLReporter -->
<testsuite ignored="0" hostname="NALS-MACBOOK-247s-MacBook-Pro.local" failures="0" tests="2" name="Default test" time="12.129" errors="0" timestamp="2024-09-04T11:27:19 ICT">
  <testcase classname="io.cucumber.testng.AbstractTestNGCucumberTests" name="runScenario" time="5.106"/>
  <testcase classname="io.cucumber.testng.AbstractTestNGCucumberTests" name="runScenario" time="6.747"/>
</testsuite> <!-- Default test -->
